<?xml version="1.0" encoding="UTF-8"?>
<testsuite name="com.example.SpringSecurityDemo.SpringSecurityDemoApplicationTests" tests="1" skipped="0" failures="0" errors="0" timestamp="2020-06-12T09:25:28" hostname="LAPTOP-39JDR1PM" time="0.12">
  <properties/>
  <testcase name="contextLoads()" classname="com.example.SpringSecurityDemo.SpringSecurityDemoApplicationTests" time="0.12"/>
  <system-out><![CDATA[14:55:19.570 [Test worker] DEBUG org.springframework.test.context.BootstrapUtils - Instantiating CacheAwareContextLoaderDelegate from class [org.springframework.test.context.cache.DefaultCacheAwareContextLoaderDelegate]
14:55:19.589 [Test worker] DEBUG org.springframework.test.context.BootstrapUtils - Instantiating BootstrapContext using constructor [public org.springframework.test.context.support.DefaultBootstrapContext(java.lang.Class,org.springframework.test.context.CacheAwareContextLoaderDelegate)]
14:55:19.647 [Test worker] DEBUG org.springframework.test.context.BootstrapUtils - Instantiating TestContextBootstrapper for test class [com.example.SpringSecurityDemo.SpringSecurityDemoApplicationTests] from class [org.springframework.boot.test.context.SpringBootTestContextBootstrapper]
14:55:19.666 [Test worker] INFO org.springframework.boot.test.context.SpringBootTestContextBootstrapper - Neither @ContextConfiguration nor @ContextHierarchy found for test class [com.example.SpringSecurityDemo.SpringSecurityDemoApplicationTests], using SpringBootContextLoader
14:55:19.671 [Test worker] DEBUG org.springframework.test.context.support.AbstractContextLoader - Did not detect default resource location for test class [com.example.SpringSecurityDemo.SpringSecurityDemoApplicationTests]: class path resource [com/example/SpringSecurityDemo/SpringSecurityDemoApplicationTests-context.xml] does not exist
14:55:19.672 [Test worker] DEBUG org.springframework.test.context.support.AbstractContextLoader - Did not detect default resource location for test class [com.example.SpringSecurityDemo.SpringSecurityDemoApplicationTests]: class path resource [com/example/SpringSecurityDemo/SpringSecurityDemoApplicationTestsContext.groovy] does not exist
14:55:19.672 [Test worker] INFO org.springframework.test.context.support.AbstractContextLoader - Could not detect default resource locations for test class [com.example.SpringSecurityDemo.SpringSecurityDemoApplicationTests]: no resource found for suffixes {-context.xml, Context.groovy}.
14:55:19.673 [Test worker] INFO org.springframework.test.context.support.AnnotationConfigContextLoaderUtils - Could not detect default configuration classes for test class [com.example.SpringSecurityDemo.SpringSecurityDemoApplicationTests]: SpringSecurityDemoApplicationTests does not declare any static, non-private, non-final, nested classes annotated with @Configuration.
14:55:19.739 [Test worker] DEBUG org.springframework.test.context.support.ActiveProfilesUtils - Could not find an 'annotation declaring class' for annotation type [org.springframework.test.context.ActiveProfiles] and class [com.example.SpringSecurityDemo.SpringSecurityDemoApplicationTests]
14:55:19.833 [Test worker] DEBUG org.springframework.context.annotation.ClassPathScanningCandidateComponentProvider - Identified candidate component class: file [F:\sudhir\SudhirRemoteGitCheckout\SpringSecurityDemo\target\classes\java\main\com\example\SpringSecurityDemo\SpringSecurityDemoApplication.class]
14:55:19.834 [Test worker] INFO org.springframework.boot.test.context.SpringBootTestContextBootstrapper - Found @SpringBootConfiguration com.example.SpringSecurityDemo.SpringSecurityDemoApplication for test class com.example.SpringSecurityDemo.SpringSecurityDemoApplicationTests
14:55:19.979 [Test worker] DEBUG org.springframework.boot.test.context.SpringBootTestContextBootstrapper - @TestExecutionListeners is not present for class [com.example.SpringSecurityDemo.SpringSecurityDemoApplicationTests]: using defaults.
14:55:19.980 [Test worker] INFO org.springframework.boot.test.context.SpringBootTestContextBootstrapper - Loaded default TestExecutionListener class names from location [META-INF/spring.factories]: [org.springframework.boot.test.autoconfigure.restdocs.RestDocsTestExecutionListener, org.springframework.boot.test.autoconfigure.web.client.MockRestServiceServerResetTestExecutionListener, org.springframework.boot.test.autoconfigure.web.servlet.MockMvcPrintOnlyOnFailureTestExecutionListener, org.springframework.boot.test.autoconfigure.web.servlet.WebDriverTestExecutionListener, org.springframework.boot.test.autoconfigure.webservices.client.MockWebServiceServerTestExecutionListener, org.springframework.boot.test.mock.mockito.MockitoTestExecutionListener, org.springframework.boot.test.mock.mockito.ResetMocksTestExecutionListener, org.springframework.security.test.context.support.WithSecurityContextTestExecutionListener, org.springframework.security.test.context.support.ReactorContextTestExecutionListener, org.springframework.test.context.web.ServletTestExecutionListener, org.springframework.test.context.support.DirtiesContextBeforeModesTestExecutionListener, org.springframework.test.context.support.DependencyInjectionTestExecutionListener, org.springframework.test.context.support.DirtiesContextTestExecutionListener, org.springframework.test.context.transaction.TransactionalTestExecutionListener, org.springframework.test.context.jdbc.SqlScriptsTestExecutionListener, org.springframework.test.context.event.EventPublishingTestExecutionListener]
14:55:20.013 [Test worker] INFO org.springframework.boot.test.context.SpringBootTestContextBootstrapper - Using TestExecutionListeners: [org.springframework.test.context.web.ServletTestExecutionListener@6f734302, org.springframework.test.context.support.DirtiesContextBeforeModesTestExecutionListener@26759bc1, org.springframework.boot.test.mock.mockito.MockitoTestExecutionListener@2b6ccdbd, org.springframework.boot.test.autoconfigure.SpringBootDependencyInjectionTestExecutionListener@133429e3, org.springframework.test.context.support.DirtiesContextTestExecutionListener@66aa03d4, org.springframework.test.context.transaction.TransactionalTestExecutionListener@6c8b3753, org.springframework.test.context.jdbc.SqlScriptsTestExecutionListener@21470e5a, org.springframework.security.test.context.support.WithSecurityContextTestExecutionListener@130e40a0, org.springframework.test.context.event.EventPublishingTestExecutionListener@258c55b6, org.springframework.security.test.context.support.ReactorContextTestExecutionListener@1008cffb, org.springframework.boot.test.autoconfigure.restdocs.RestDocsTestExecutionListener@924367e, org.springframework.boot.test.autoconfigure.web.client.MockRestServiceServerResetTestExecutionListener@684e6cba, org.springframework.boot.test.autoconfigure.web.servlet.MockMvcPrintOnlyOnFailureTestExecutionListener@2f28b5e0, org.springframework.boot.test.autoconfigure.web.servlet.WebDriverTestExecutionListener@7989c0e9, org.springframework.boot.test.autoconfigure.webservices.client.MockWebServiceServerTestExecutionListener@51b69e60, org.springframework.boot.test.mock.mockito.ResetMocksTestExecutionListener@4a061350]
14:55:20.020 [Test worker] DEBUG org.springframework.test.context.support.AbstractDirtiesContextTestExecutionListener - Before test class: context [DefaultTestContext@551d740c testClass = SpringSecurityDemoApplicationTests, testInstance = [null], testMethod = [null], testException = [null], mergedContextConfiguration = [WebMergedContextConfiguration@5676d9c5 testClass = SpringSecurityDemoApplicationTests, locations = '{}', classes = '{class com.example.SpringSecurityDemo.SpringSecurityDemoApplication}', contextInitializerClasses = '[]', activeProfiles = '{}', propertySourceLocations = '{}', propertySourceProperties = '{org.springframework.boot.test.context.SpringBootTestContextBootstrapper=true}', contextCustomizers = set[org.springframework.boot.test.autoconfigure.properties.PropertyMappingContextCustomizer@0, org.springframework.boot.test.autoconfigure.web.servlet.WebDriverContextCustomizerFactory$Customizer@6c3d0c67, org.springframework.boot.test.context.filter.ExcludeFilterContextCustomizer@1a4f33fa, org.springframework.boot.test.json.DuplicateJsonObjectContextCustomizerFactory$DuplicateJsonObjectContextCustomizer@25385612, org.springframework.boot.test.mock.mockito.MockitoContextCustomizer@0, org.springframework.boot.test.web.client.TestRestTemplateContextCustomizer@32de6e44, org.springframework.boot.test.context.SpringBootTestArgs@1], resourceBasePath = 'src/main/webapp', contextLoader = 'org.springframework.boot.test.context.SpringBootContextLoader', parent = [null]], attributes = map['org.springframework.test.context.web.ServletTestExecutionListener.activateListener' -> true]], class annotated with @DirtiesContext [false] with mode [null].
14:55:20.057 [Test worker] DEBUG org.springframework.test.context.support.TestPropertySourceUtils - Adding inlined properties to environment: {spring.jmx.enabled=false, org.springframework.boot.test.context.SpringBootTestContextBootstrapper=true}

  .   ____          _            __ _ _
 /\\ / ___'_ __ _ _(_)_ __  __ _ \ \ \ \
( ( )\___ | '_ | '_| | '_ \/ _` | \ \ \ \
 \\/  ___)| |_)| | | | | || (_| |  ) ) ) )
  '  |____| .__|_| |_|_| |_\__, | / / / /
 =========|_|==============|___/=/_/_/_/
 :: Spring Boot ::        (v2.3.0.RELEASE)

2020-06-12 14:55:20.516  INFO 17388 --- [    Test worker] c.e.S.SpringSecurityDemoApplicationTests : Starting SpringSecurityDemoApplicationTests on LAPTOP-39JDR1PM with PID 17388 (started by Sara Kanase in F:\sudhir\SudhirRemoteGitCheckout\SpringSecurityDemo)
2020-06-12 14:55:20.518  INFO 17388 --- [    Test worker] c.e.S.SpringSecurityDemoApplicationTests : No active profile set, falling back to default profiles: default
2020-06-12 14:55:21.556  INFO 17388 --- [    Test worker] .s.d.r.c.RepositoryConfigurationDelegate : Bootstrapping Spring Data JPA repositories in DEFERRED mode.
2020-06-12 14:55:21.704  INFO 17388 --- [    Test worker] .s.d.r.c.RepositoryConfigurationDelegate : Finished Spring Data repository scanning in 130ms. Found 1 JPA repository interfaces.
2020-06-12 14:55:22.133  INFO 17388 --- [    Test worker] ptablePropertiesBeanFactoryPostProcessor : Post-processing PropertySource instances
2020-06-12 14:55:22.176  INFO 17388 --- [    Test worker] c.u.j.EncryptablePropertySourceConverter : Converting PropertySource configurationProperties [org.springframework.boot.context.properties.source.ConfigurationPropertySourcesPropertySource] to AOP Proxy
2020-06-12 14:55:22.176  INFO 17388 --- [    Test worker] c.u.j.EncryptablePropertySourceConverter : Converting PropertySource Inlined Test Properties [org.springframework.core.env.MapPropertySource] to EncryptableMapPropertySourceWrapper
2020-06-12 14:55:22.177  INFO 17388 --- [    Test worker] c.u.j.EncryptablePropertySourceConverter : Converting PropertySource systemProperties [org.springframework.core.env.PropertiesPropertySource] to EncryptableMapPropertySourceWrapper
2020-06-12 14:55:22.177  INFO 17388 --- [    Test worker] c.u.j.EncryptablePropertySourceConverter : Converting PropertySource systemEnvironment [org.springframework.boot.env.SystemEnvironmentPropertySourceEnvironmentPostProcessor$OriginAwareSystemEnvironmentPropertySource] to EncryptableSystemEnvironmentPropertySourceWrapper
2020-06-12 14:55:22.177  INFO 17388 --- [    Test worker] c.u.j.EncryptablePropertySourceConverter : Converting PropertySource random [org.springframework.boot.env.RandomValuePropertySource] to EncryptablePropertySourceWrapper
2020-06-12 14:55:22.177  INFO 17388 --- [    Test worker] c.u.j.EncryptablePropertySourceConverter : Converting PropertySource applicationConfig: [classpath:/application.properties] [org.springframework.boot.env.OriginTrackedMapPropertySource] to EncryptableMapPropertySourceWrapper
2020-06-12 14:55:22.178  INFO 17388 --- [    Test worker] c.u.j.EncryptablePropertySourceConverter : Converting PropertySource URL [file:./src/main/resources/custom.properties] [org.springframework.core.io.support.ResourcePropertySource] to EncryptableMapPropertySourceWrapper
2020-06-12 14:55:22.434  INFO 17388 --- [    Test worker] c.u.j.filter.DefaultLazyPropertyFilter   : Property Filter custom Bean not found with name 'encryptablePropertyFilter'. Initializing Default Property Filter
2020-06-12 14:55:22.757  INFO 17388 --- [    Test worker] c.u.j.r.DefaultLazyPropertyResolver      : Property Resolver custom Bean not found with name 'encryptablePropertyResolver'. Initializing Default Property Resolver
2020-06-12 14:55:22.764  INFO 17388 --- [    Test worker] c.u.j.d.DefaultLazyPropertyDetector      : Property Detector custom Bean not found with name 'encryptablePropertyDetector'. Initializing Default Property Detector
HELLO**********************
2020-06-12 14:55:22.864  INFO 17388 --- [    Test worker] c.u.j.encryptor.DefaultLazyEncryptor     : Found Custom Encryptor Bean org.jasypt.encryption.pbe.PooledPBEStringEncryptor@65babeed with name: jasyptStringEncryptor
2020-06-12 14:55:23.744  INFO 17388 --- [    Test worker] o.s.s.concurrent.ThreadPoolTaskExecutor  : Initializing ExecutorService 'applicationTaskExecutor'
2020-06-12 14:55:23.762  INFO 17388 --- [    Test worker] com.zaxxer.hikari.HikariDataSource       : HikariPool-1 - Starting...
2020-06-12 14:55:24.074  INFO 17388 --- [    Test worker] com.zaxxer.hikari.HikariDataSource       : HikariPool-1 - Start completed.
---------------------------------------------------
Value ENCRY_KEY
---------------------------------------------------
2020-06-12 14:55:24.179  INFO 17388 --- [         task-1] o.hibernate.jpa.internal.util.LogHelper  : HHH000204: Processing PersistenceUnitInfo [name: default]
2020-06-12 14:55:24.376  WARN 17388 --- [    Test worker] JpaBaseConfiguration$JpaWebConfiguration : spring.jpa.open-in-view is enabled by default. Therefore, database queries may be performed during view rendering. Explicitly configure spring.jpa.open-in-view to disable this warning
2020-06-12 14:55:24.384  INFO 17388 --- [         task-1] org.hibernate.Version                    : HHH000412: Hibernate ORM core version 5.4.15.Final
2020-06-12 14:55:24.793  WARN 17388 --- [    Test worker] o.s.security.core.userdetails.User       : User.withDefaultPasswordEncoder() is considered unsafe for production and is only intended for sample applications.
2020-06-12 14:55:24.853  INFO 17388 --- [         task-1] o.hibernate.annotations.common.Version   : HCANN000001: Hibernate Commons Annotations {5.1.0.Final}
2020-06-12 14:55:25.304  INFO 17388 --- [         task-1] org.hibernate.dialect.Dialect            : HHH000400: Using dialect: org.hibernate.dialect.MySQL8Dialect
2020-06-12 14:55:25.549  INFO 17388 --- [    Test worker] o.s.s.web.DefaultSecurityFilterChain     : Creating filter chain: any request, [org.springframework.security.web.context.request.async.WebAsyncManagerIntegrationFilter@12308450, org.springframework.security.web.context.SecurityContextPersistenceFilter@4606e5a5, org.springframework.security.web.header.HeaderWriterFilter@2d12b557, org.springframework.security.web.csrf.CsrfFilter@3f252e37, org.springframework.security.web.authentication.logout.LogoutFilter@32c3eb5, org.springframework.security.web.authentication.UsernamePasswordAuthenticationFilter@4942b1b6, org.springframework.security.web.authentication.ui.DefaultLoginPageGeneratingFilter@2217137b, org.springframework.security.web.authentication.ui.DefaultLogoutPageGeneratingFilter@464a34ee, org.springframework.security.web.authentication.www.BasicAuthenticationFilter@3e9aaa90, org.springframework.security.web.savedrequest.RequestCacheAwareFilter@7c408069, org.springframework.security.web.servletapi.SecurityContextHolderAwareRequestFilter@4fa039b4, org.springframework.security.web.authentication.AnonymousAuthenticationFilter@340905f1, org.springframework.security.web.session.SessionManagementFilter@78da31f7, org.springframework.security.web.access.ExceptionTranslationFilter@5a996cec, org.springframework.security.web.access.intercept.FilterSecurityInterceptor@74474e6e]
2020-06-12 14:55:26.889  INFO 17388 --- [         task-1] o.h.e.t.j.p.i.JtaPlatformInitiator       : HHH000490: Using JtaPlatform implementation: [org.hibernate.engine.transaction.jta.platform.internal.NoJtaPlatform]
2020-06-12 14:55:26.902  INFO 17388 --- [         task-1] j.LocalContainerEntityManagerFactoryBean : Initialized JPA EntityManagerFactory for persistence unit 'default'
2020-06-12 14:55:28.043  INFO 17388 --- [    Test worker] DeferredRepositoryInitializationListener : Triggering deferred initialization of Spring Data repositories…
2020-06-12 14:55:28.457  INFO 17388 --- [    Test worker] DeferredRepositoryInitializationListener : Spring Data repositories initialized!
2020-06-12 14:55:28.470  INFO 17388 --- [    Test worker] c.e.S.SpringSecurityDemoApplicationTests : Started SpringSecurityDemoApplicationTests in 8.4 seconds (JVM running for 13.386)
]]></system-out>
  <system-err><![CDATA[]]></system-err>
</testsuite>
